<?xml version="1.0" encoding="UTF-8"?>
<testsuite xmlns:xsi="http://www.w3.org/2001/XMLSchema-instance" xsi:noNamespaceSchemaLocation="https://maven.apache.org/surefire/maven-surefire-plugin/xsd/surefire-test-report-3.0.xsd" version="3.0" name="com.uok.oop.ims.InventoryManagementSystemApplicationTests" time="6.391" tests="1" errors="0" skipped="0" failures="0">
  <properties>
[...]
</properties>
  <testcase name="contextLoads" classname="com.uok.oop.ims.InventoryManagementSystemApplicationTests" time="0.485">
    <system-out><![CDATA[16:51:47.726 [main] INFO org.springframework.test.context.support.AnnotationConfigContextLoaderUtils -- Could not detect default configuration classes for test class [com.uok.oop.ims.InventoryManagementSystemApplicationTests]: InventoryManagementSystemApplicationTests does not declare any static, non-private, non-final, nested classes annotated with @Configuration.
16:51:47.844 [main] INFO org.springframework.boot.test.context.SpringBootTestContextBootstrapper -- Found @SpringBootConfiguration com.uok.oop.ims.InventoryManagementSystemApplication for test class com.uok.oop.ims.InventoryManagementSystemApplicationTests

  .   ____          _            __ _ _
 /\\ / ___'_ __ _ _(_)_ __  __ _ \ \ \ \
( ( )\___ | '_ | '_| | '_ \/ _` | \ \ \ \
 \\/  ___)| |_)| | | | | || (_| |  ) ) ) )
  '  |____| .__|_| |_|_| |_\__, | / / / /
 =========|_|==============|___/=/_/_/_/
 :: Spring Boot ::                (v3.1.1)

2025-07-11T16:51:48.308+05:30  INFO 20880 --- [           main] nventoryManagementSystemApplicationTests : Starting InventoryManagementSystemApplicationTests using Java 20.0.2 with PID 20880 (started by dxirs in C:\Users\dxirs\Downloads\Inventory-Management-System-main\Inventory-Management-System-main\Inventory Management System)
2025-07-11T16:51:48.309+05:30  INFO 20880 --- [           main] nventoryManagementSystemApplicationTests : No active profile set, falling back to 1 default profile: "default"
2025-07-11T16:51:48.996+05:30  INFO 20880 --- [           main] .s.d.r.c.RepositoryConfigurationDelegate : Bootstrapping Spring Data JPA repositories in DEFAULT mode.
2025-07-11T16:51:49.076+05:30  INFO 20880 --- [           main] .s.d.r.c.RepositoryConfigurationDelegate : Finished Spring Data repository scanning in 72 ms. Found 4 JPA repository interfaces.
2025-07-11T16:51:49.611+05:30  INFO 20880 --- [           main] o.hibernate.jpa.internal.util.LogHelper  : HHH000204: Processing PersistenceUnitInfo [name: default]
2025-07-11T16:51:49.670+05:30  INFO 20880 --- [           main] org.hibernate.Version                    : HHH000412: Hibernate ORM core version 6.2.5.Final
2025-07-11T16:51:49.673+05:30  INFO 20880 --- [           main] org.hibernate.cfg.Environment            : HHH000406: Using bytecode reflection optimizer
2025-07-11T16:51:49.810+05:30 DEBUG 20880 --- [           main] org.hibernate.type.BasicTypeRegistry     : Adding type registration boolean -> org.hibernate.type.BasicTypeReference@622d7e4
2025-07-11T16:51:49.810+05:30 DEBUG 20880 --- [           main] org.hibernate.type.BasicTypeRegistry     : Adding type registration boolean -> org.hibernate.type.BasicTypeReference@622d7e4
2025-07-11T16:51:49.810+05:30 DEBUG 20880 --- [           main] org.hibernate.type.BasicTypeRegistry     : Adding type registration java.lang.Boolean -> org.hibernate.type.BasicTypeReference@622d7e4
2025-07-11T16:51:49.810+05:30 DEBUG 20880 --- [           main] org.hibernate.type.BasicTypeRegistry     : Adding type registration numeric_boolean -> org.hibernate.type.BasicTypeReference@6a3fbcb1
2025-07-11T16:51:49.810+05:30 DEBUG 20880 --- [           main] org.hibernate.type.BasicTypeRegistry     : Adding type registration org.hibernate.type.NumericBooleanConverter -> org.hibernate.type.BasicTypeReference@6a3fbcb1
2025-07-11T16:51:49.810+05:30 DEBUG 20880 --- [           main] org.hibernate.type.BasicTypeRegistry     : Adding type registration true_false -> org.hibernate.type.BasicTypeReference@261b9a37
2025-07-11T16:51:49.810+05:30 DEBUG 20880 --- [           main] org.hibernate.type.BasicTypeRegistry     : Adding type registration org.hibernate.type.TrueFalseConverter -> org.hibernate.type.BasicTypeReference@261b9a37
2025-07-11T16:51:49.810+05:30 DEBUG 20880 --- [           main] org.hibernate.type.BasicTypeRegistry     : Adding type registration yes_no -> org.hibernate.type.BasicTypeReference@15d3793b
2025-07-11T16:51:49.810+05:30 DEBUG 20880 --- [           main] org.hibernate.type.BasicTypeRegistry     : Adding type registration org.hibernate.type.YesNoConverter -> org.hibernate.type.BasicTypeReference@15d3793b
2025-07-11T16:51:49.810+05:30 DEBUG 20880 --- [           main] org.hibernate.type.BasicTypeRegistry     : Adding type registration byte -> org.hibernate.type.BasicTypeReference@55e1192
2025-07-11T16:51:49.810+05:30 DEBUG 20880 --- [           main] org.hibernate.type.BasicTypeRegistry     : Adding type registration byte -> org.hibernate.type.BasicTypeReference@55e1192
2025-07-11T16:51:49.810+05:30 DEBUG 20880 --- [           main] org.hibernate.type.BasicTypeRegistry     : Adding type registration java.lang.Byte -> org.hibernate.type.BasicTypeReference@55e1192
2025-07-11T16:51:49.810+05:30 DEBUG 20880 --- [           main] org.hibernate.type.BasicTypeRegistry     : Adding type registration binary -> org.hibernate.type.BasicTypeReference@1213ffbc
2025-07-11T16:51:49.810+05:30 DEBUG 20880 --- [           main] org.hibernate.type.BasicTypeRegistry     : Adding type registration byte[] -> org.hibernate.type.BasicTypeReference@1213ffbc
2025-07-11T16:51:49.810+05:30 DEBUG 20880 --- [           main] org.hibernate.type.BasicTypeRegistry     : Adding type registration [B -> org.hibernate.type.BasicTypeReference@1213ffbc
2025-07-11T16:51:49.810+05:30 DEBUG 20880 --- [           main] org.hibernate.type.BasicTypeRegistry     : Adding type registration binary_wrapper -> org.hibernate.type.BasicTypeReference@68a305eb
2025-07-11T16:51:49.811+05:30 DEBUG 20880 --- [           main] org.hibernate.type.BasicTypeRegistry     : Adding type registration wrapper-binary -> org.hibernate.type.BasicTypeReference@68a305eb
2025-07-11T16:51:49.811+05:30 DEBUG 20880 --- [           main] org.hibernate.type.BasicTypeRegistry     : Adding type registration image -> org.hibernate.type.BasicTypeReference@6637a365
2025-07-11T16:51:49.811+05:30 DEBUG 20880 --- [           main] org.hibernate.type.BasicTypeRegistry     : Adding type registration blob -> org.hibernate.type.BasicTypeReference@1310fcb0
2025-07-11T16:51:49.811+05:30 DEBUG 20880 --- [           main] org.hibernate.type.BasicTypeRegistry     : Adding type registration java.sql.Blob -> org.hibernate.type.BasicTypeReference@1310fcb0
2025-07-11T16:51:49.811+05:30 DEBUG 20880 --- [           main] org.hibernate.type.BasicTypeRegistry     : Adding type registration materialized_blob -> org.hibernate.type.BasicTypeReference@1ef31f71
2025-07-11T16:51:49.811+05:30 DEBUG 20880 --- [           main] org.hibernate.type.BasicTypeRegistry     : Adding type registration materialized_blob_wrapper -> org.hibernate.type.BasicTypeReference@6e8fdd19
2025-07-11T16:51:49.811+05:30 DEBUG 20880 --- [           main] org.hibernate.type.BasicTypeRegistry     : Adding type registration short -> org.hibernate.type.BasicTypeReference@35787726
2025-07-11T16:51:49.811+05:30 DEBUG 20880 --- [           main] org.hibernate.type.BasicTypeRegistry     : Adding type registration short -> org.hibernate.type.BasicTypeReference@35787726
2025-07-11T16:51:49.812+05:30 DEBUG 20880 --- [           main] org.hibernate.type.BasicTypeRegistry     : Adding type registration java.lang.Short -> org.hibernate.type.BasicTypeReference@35787726
2025-07-11T16:51:49.812+05:30 DEBUG 20880 --- [           main] org.hibernate.type.BasicTypeRegistry     : Adding type registration integer -> org.hibernate.type.BasicTypeReference@2199e845
2025-07-11T16:51:49.812+05:30 DEBUG 20880 --- [           main] org.hibernate.type.BasicTypeRegistry     : Adding type registration int -> org.hibernate.type.BasicTypeReference@2199e845
2025-07-11T16:51:49.812+05:30 DEBUG 20880 --- [           main] org.hibernate.type.BasicTypeRegistry     : Adding type registration java.lang.Integer -> org.hibernate.type.BasicTypeReference@2199e845
2025-07-11T16:51:49.812+05:30 DEBUG 20880 --- [           main] org.hibernate.type.BasicTypeRegistry     : Adding type registration long -> org.hibernate.type.BasicTypeReference@27976390
2025-07-11T16:51:49.812+05:30 DEBUG 20880 --- [           main] org.hibernate.type.BasicTypeRegistry     : Adding type registration long -> org.hibernate.type.BasicTypeReference@27976390
2025-07-11T16:51:49.812+05:30 DEBUG 20880 --- [           main] org.hibernate.type.BasicTypeRegistry     : Adding type registration java.lang.Long -> org.hibernate.type.BasicTypeReference@27976390
2025-07-11T16:51:49.812+05:30 DEBUG 20880 --- [           main] org.hibernate.type.BasicTypeRegistry     : Adding type registration float -> org.hibernate.type.BasicTypeReference@37e0056e
2025-07-11T16:51:49.812+05:30 DEBUG 20880 --- [           main] org.hibernate.type.BasicTypeRegistry     : Adding type registration float -> org.hibernate.type.BasicTypeReference@37e0056e
2025-07-11T16:51:49.812+05:30 DEBUG 20880 --- [           main] org.hibernate.type.BasicTypeRegistry     : Adding type registration java.lang.Float -> org.hibernate.type.BasicTypeReference@37e0056e
2025-07-11T16:51:49.812+05:30 DEBUG 20880 --- [           main] org.hibernate.type.BasicTypeRegistry     : Adding type registration double -> org.hibernate.type.BasicTypeReference@415795f3
2025-07-11T16:51:49.812+05:30 DEBUG 20880 --- [           main] org.hibernate.type.BasicTypeRegistry     : Adding type registration double -> org.hibernate.type.BasicTypeReference@415795f3
2025-07-11T16:51:49.813+05:30 DEBUG 20880 --- [           main] org.hibernate.type.BasicTypeRegistry     : Adding type registration java.lang.Double -> org.hibernate.type.BasicTypeReference@415795f3
2025-07-11T16:51:49.813+05:30 DEBUG 20880 --- [           main] org.hibernate.type.BasicTypeRegistry     : Adding type registration big_integer -> org.hibernate.type.BasicTypeReference@2fe2965c
2025-07-11T16:51:49.813+05:30 DEBUG 20880 --- [           main] org.hibernate.type.BasicTypeRegistry     : Adding type registration java.math.BigInteger -> org.hibernate.type.BasicTypeReference@2fe2965c
2025-07-11T16:51:49.813+05:30 DEBUG 20880 --- [           main] org.hibernate.type.BasicTypeRegistry     : Adding type registration big_decimal -> org.hibernate.type.BasicTypeReference@3375ebd3
2025-07-11T16:51:49.813+05:30 DEBUG 20880 --- [           main] org.hibernate.type.BasicTypeRegistry     : Adding type registration java.math.BigDecimal -> org.hibernate.type.BasicTypeReference@3375ebd3
2025-07-11T16:51:49.813+05:30 DEBUG 20880 --- [           main] org.hibernate.type.BasicTypeRegistry     : Adding type registration character -> org.hibernate.type.BasicTypeReference@40943a6
2025-07-11T16:51:49.813+05:30 DEBUG 20880 --- [           main] org.hibernate.type.BasicTypeRegistry     : Adding type registration char -> org.hibernate.type.BasicTypeReference@40943a6
2025-07-11T16:51:49.813+05:30 DEBUG 20880 --- [           main] org.hibernate.type.BasicTypeRegistry     : Adding type registration java.lang.Character -> org.hibernate.type.BasicTypeReference@40943a6
2025-07-11T16:51:49.813+05:30 DEBUG 20880 --- [           main] org.hibernate.type.BasicTypeRegistry     : Adding type registration character_nchar -> org.hibernate.type.BasicTypeReference@798cb6d9
2025-07-11T16:51:49.813+05:30 DEBUG 20880 --- [           main] org.hibernate.type.BasicTypeRegistry     : Adding type registration string -> org.hibernate.type.BasicTypeReference@42679fc2
2025-07-11T16:51:49.813+05:30 DEBUG 20880 --- [           main] org.hibernate.type.BasicTypeRegistry     : Adding type registration java.lang.String -> org.hibernate.type.BasicTypeReference@42679fc2
2025-07-11T16:51:49.813+05:30 DEBUG 20880 --- [           main] org.hibernate.type.BasicTypeRegistry     : Adding type registration nstring -> org.hibernate.type.BasicTypeReference@5e50df2e
2025-07-11T16:51:49.814+05:30 DEBUG 20880 --- [           main] org.hibernate.type.BasicTypeRegistry     : Adding type registration characters -> org.hibernate.type.BasicTypeReference@100aa331
2025-07-11T16:51:49.814+05:30 DEBUG 20880 --- [           main] org.hibernate.type.BasicTypeRegistry     : Adding type registration char[] -> org.hibernate.type.BasicTypeReference@100aa331
2025-07-11T16:51:49.814+05:30 DEBUG 20880 --- [           main] org.hibernate.type.BasicTypeRegistry     : Adding type registration [C -> org.hibernate.type.BasicTypeReference@100aa331
2025-07-11T16:51:49.814+05:30 DEBUG 20880 --- [           main] org.hibernate.type.BasicTypeRegistry     : Adding type registration wrapper-characters -> org.hibernate.type.BasicTypeReference@c2cf597
2025-07-11T16:51:49.814+05:30 DEBUG 20880 --- [           main] org.hibernate.type.BasicTypeRegistry     : Adding type registration text -> org.hibernate.type.BasicTypeReference@724bf25f
2025-07-11T16:51:49.814+05:30 DEBUG 20880 --- [           main] org.hibernate.type.BasicTypeRegistry     : Adding type registration ntext -> org.hibernate.type.BasicTypeReference@2abafa97
2025-07-11T16:51:49.814+05:30 DEBUG 20880 --- [           main] org.hibernate.type.BasicTypeRegistry     : Adding type registration clob -> org.hibernate.type.BasicTypeReference@6f6cc7da
2025-07-11T16:51:49.814+05:30 DEBUG 20880 --- [           main] org.hibernate.type.BasicTypeRegistry     : Adding type registration java.sql.Clob -> org.hibernate.type.BasicTypeReference@6f6cc7da
2025-07-11T16:51:49.815+05:30 DEBUG 20880 --- [           main] org.hibernate.type.BasicTypeRegistry     : Adding type registration nclob -> org.hibernate.type.BasicTypeReference@40717ed
2025-07-11T16:51:49.815+05:30 DEBUG 20880 --- [           main] org.hibernate.type.BasicTypeRegistry     : Adding type registration java.sql.NClob -> org.hibernate.type.BasicTypeReference@40717ed
2025-07-11T16:51:49.815+05:30 DEBUG 20880 --- [           main] org.hibernate.type.BasicTypeRegistry     : Adding type registration materialized_clob -> org.hibernate.type.BasicTypeReference@29f3c438
2025-07-11T16:51:49.815+05:30 DEBUG 20880 --- [           main] org.hibernate.type.BasicTypeRegistry     : Adding type registration materialized_clob_char_array -> org.hibernate.type.BasicTypeReference@5460edd3
2025-07-11T16:51:49.815+05:30 DEBUG 20880 --- [           main] org.hibernate.type.BasicTypeRegistry     : Adding type registration materialized_clob_character_array -> org.hibernate.type.BasicTypeReference@5dbbb292
2025-07-11T16:51:49.815+05:30 DEBUG 20880 --- [           main] org.hibernate.type.BasicTypeRegistry     : Adding type registration materialized_nclob -> org.hibernate.type.BasicTypeReference@613f7eb7
2025-07-11T16:51:49.815+05:30 DEBUG 20880 --- [           main] org.hibernate.type.BasicTypeRegistry     : Adding type registration materialized_nclob_character_array -> org.hibernate.type.BasicTypeReference@565aa4ac
2025-07-11T16:51:49.815+05:30 DEBUG 20880 --- [           main] org.hibernate.type.BasicTypeRegistry     : Adding type registration materialized_nclob_char_array -> org.hibernate.type.BasicTypeReference@587c5c1
2025-07-11T16:51:49.815+05:30 DEBUG 20880 --- [           main] org.hibernate.type.BasicTypeRegistry     : Adding type registration Duration -> org.hibernate.type.BasicTypeReference@528c8c1
2025-07-11T16:51:49.815+05:30 DEBUG 20880 --- [           main] org.hibernate.type.BasicTypeRegistry     : Adding type registration java.time.Duration -> org.hibernate.type.BasicTypeReference@528c8c1
2025-07-11T16:51:49.817+05:30 DEBUG 20880 --- [           main] org.hibernate.type.BasicTypeRegistry     : Adding type registration LocalDateTime -> org.hibernate.type.BasicTypeReference@1f78d415
2025-07-11T16:51:49.817+05:30 DEBUG 20880 --- [           main] org.hibernate.type.BasicTypeRegistry     : Adding type registration java.time.LocalDateTime -> org.hibernate.type.BasicTypeReference@1f78d415
2025-07-11T16:51:49.817+05:30 DEBUG 20880 --- [           main] org.hibernate.type.BasicTypeRegistry     : Adding type registration LocalDate -> org.hibernate.type.BasicTypeReference@1c046c92
2025-07-11T16:51:49.817+05:30 DEBUG 20880 --- [           main] org.hibernate.type.BasicTypeRegistry     : Adding type registration java.time.LocalDate -> org.hibernate.type.BasicTypeReference@1c046c92
2025-07-11T16:51:49.817+05:30 DEBUG 20880 --- [           main] org.hibernate.type.BasicTypeRegistry     : Adding type registration LocalTime -> org.hibernate.type.BasicTypeReference@27960b1e
2025-07-11T16:51:49.817+05:30 DEBUG 20880 --- [           main] org.hibernate.type.BasicTypeRegistry     : Adding type registration java.time.LocalTime -> org.hibernate.type.BasicTypeReference@27960b1e
2025-07-11T16:51:49.817+05:30 DEBUG 20880 --- [           main] org.hibernate.type.BasicTypeRegistry     : Adding type registration OffsetDateTime -> org.hibernate.type.BasicTypeReference@643ba1ed
2025-07-11T16:51:49.817+05:30 DEBUG 20880 --- [           main] org.hibernate.type.BasicTypeRegistry     : Adding type registration java.time.OffsetDateTime -> org.hibernate.type.BasicTypeReference@643ba1ed
2025-07-11T16:51:49.817+05:30 DEBUG 20880 --- [           main] org.hibernate.type.BasicTypeRegistry     : Adding type registration OffsetDateTimeWithTimezone -> org.hibernate.type.BasicTypeReference@3d3a1903
2025-07-11T16:51:49.818+05:30 DEBUG 20880 --- [           main] org.hibernate.type.BasicTypeRegistry     : Adding type registration OffsetDateTimeWithoutTimezone -> org.hibernate.type.BasicTypeReference@26582ca
2025-07-11T16:51:49.820+05:30 DEBUG 20880 --- [           main] org.hibernate.type.BasicTypeRegistry     : Adding type registration OffsetTime -> org.hibernate.type.BasicTypeReference@153cb763
2025-07-11T16:51:49.823+05:30 DEBUG 20880 --- [           main] org.hibernate.type.BasicTypeRegistry     : Adding type registration java.time.OffsetTime -> org.hibernate.type.BasicTypeReference@153cb763
2025-07-11T16:51:49.823+05:30 DEBUG 20880 --- [           main] org.hibernate.type.BasicTypeRegistry     : Adding type registration OffsetTimeUtc -> org.hibernate.type.BasicTypeReference@2c3158e0
2025-07-11T16:51:49.823+05:30 DEBUG 20880 --- [           main] org.hibernate.type.BasicTypeRegistry     : Adding type registration OffsetTimeWithTimezone -> org.hibernate.type.BasicTypeReference@412ebe64
2025-07-11T16:51:49.824+05:30 DEBUG 20880 --- [           main] org.hibernate.type.BasicTypeRegistry     : Adding type registration OffsetTimeWithoutTimezone -> org.hibernate.type.BasicTypeReference@6f731759
2025-07-11T16:51:49.826+05:30 DEBUG 20880 --- [           main] org.hibernate.type.BasicTypeRegistry     : Adding type registration ZonedDateTime -> org.hibernate.type.BasicTypeReference@1f84327b
2025-07-11T16:51:49.826+05:30 DEBUG 20880 --- [           main] org.hibernate.type.BasicTypeRegistry     : Adding type registration java.time.ZonedDateTime -> org.hibernate.type.BasicTypeReference@1f84327b
2025-07-11T16:51:49.826+05:30 DEBUG 20880 --- [           main] org.hibernate.type.BasicTypeRegistry     : Adding type registration ZonedDateTimeWithTimezone -> org.hibernate.type.BasicTypeReference@39549f33
2025-07-11T16:51:49.827+05:30 DEBUG 20880 --- [           main] org.hibernate.type.BasicTypeRegistry     : Adding type registration ZonedDateTimeWithoutTimezone -> org.hibernate.type.BasicTypeReference@dbddbe3
2025-07-11T16:51:49.828+05:30 DEBUG 20880 --- [           main] org.hibernate.type.BasicTypeRegistry     : Adding type registration date -> org.hibernate.type.BasicTypeReference@7a83ccd2
2025-07-11T16:51:49.829+05:30 DEBUG 20880 --- [           main] org.hibernate.type.BasicTypeRegistry     : Adding type registration java.sql.Date -> org.hibernate.type.BasicTypeReference@7a83ccd2
2025-07-11T16:51:49.829+05:30 DEBUG 20880 --- [           main] org.hibernate.type.BasicTypeRegistry     : Adding type registration time -> org.hibernate.type.BasicTypeReference@44aa2e13
2025-07-11T16:51:49.829+05:30 DEBUG 20880 --- [           main] org.hibernate.type.BasicTypeRegistry     : Adding type registration java.sql.Time -> org.hibernate.type.BasicTypeReference@44aa2e13
2025-07-11T16:51:49.829+05:30 DEBUG 20880 --- [           main] org.hibernate.type.BasicTypeRegistry     : Adding type registration timestamp -> org.hibernate.type.BasicTypeReference@599a9cb2
2025-07-11T16:51:49.829+05:30 DEBUG 20880 --- [           main] org.hibernate.type.BasicTypeRegistry     : Adding type registration java.sql.Timestamp -> org.hibernate.type.BasicTypeReference@599a9cb2
2025-07-11T16:51:49.829+05:30 DEBUG 20880 --- [           main] org.hibernate.type.BasicTypeRegistry     : Adding type registration java.util.Date -> org.hibernate.type.BasicTypeReference@599a9cb2
2025-07-11T16:51:49.830+05:30 DEBUG 20880 --- [           main] org.hibernate.type.BasicTypeRegistry     : Adding type registration calendar -> org.hibernate.type.BasicTypeReference@3a1b36a1
2025-07-11T16:51:49.831+05:30 DEBUG 20880 --- [           main] org.hibernate.type.BasicTypeRegistry     : Adding type registration java.util.Calendar -> org.hibernate.type.BasicTypeReference@3a1b36a1
2025-07-11T16:51:49.834+05:30 DEBUG 20880 --- [           main] org.hibernate.type.BasicTypeRegistry     : Adding type registration java.util.GregorianCalendar -> org.hibernate.type.BasicTypeReference@3a1b36a1
2025-07-11T16:51:49.834+05:30 DEBUG 20880 --- [           main] org.hibernate.type.BasicTypeRegistry     : Adding type registration calendar_date -> org.hibernate.type.BasicTypeReference@5e1a986c
2025-07-11T16:51:49.834+05:30 DEBUG 20880 --- [           main] org.hibernate.type.BasicTypeRegistry     : Adding type registration calendar_time -> org.hibernate.type.BasicTypeReference@4b55ff0a
2025-07-11T16:51:49.834+05:30 DEBUG 20880 --- [           main] org.hibernate.type.BasicTypeRegistry     : Adding type registration instant -> org.hibernate.type.BasicTypeReference@46a795de
2025-07-11T16:51:49.836+05:30 DEBUG 20880 --- [           main] org.hibernate.type.BasicTypeRegistry     : Adding type registration java.time.Instant -> org.hibernate.type.BasicTypeReference@46a795de
2025-07-11T16:51:49.837+05:30 DEBUG 20880 --- [           main] org.hibernate.type.BasicTypeRegistry     : Adding type registration uuid -> org.hibernate.type.BasicTypeReference@256a0d95
2025-07-11T16:51:49.838+05:30 DEBUG 20880 --- [           main] org.hibernate.type.BasicTypeRegistry     : Adding type registration java.util.UUID -> org.hibernate.type.BasicTypeReference@256a0d95
2025-07-11T16:51:49.838+05:30 DEBUG 20880 --- [           main] org.hibernate.type.BasicTypeRegistry     : Adding type registration pg-uuid -> org.hibernate.type.BasicTypeReference@256a0d95
2025-07-11T16:51:49.838+05:30 DEBUG 20880 --- [           main] org.hibernate.type.BasicTypeRegistry     : Adding type registration uuid-binary -> org.hibernate.type.BasicTypeReference@2f3928ac
2025-07-11T16:51:49.838+05:30 DEBUG 20880 --- [           main] org.hibernate.type.BasicTypeRegistry     : Adding type registration uuid-char -> org.hibernate.type.BasicTypeReference@4bf03fee
2025-07-11T16:51:49.838+05:30 DEBUG 20880 --- [           main] org.hibernate.type.BasicTypeRegistry     : Adding type registration class -> org.hibernate.type.BasicTypeReference@31834a2b
2025-07-11T16:51:49.838+05:30 DEBUG 20880 --- [           main] org.hibernate.type.BasicTypeRegistry     : Adding type registration java.lang.Class -> org.hibernate.type.BasicTypeReference@31834a2b
2025-07-11T16:51:49.838+05:30 DEBUG 20880 --- [           main] org.hibernate.type.BasicTypeRegistry     : Adding type registration currency -> org.hibernate.type.BasicTypeReference@44f0ff2b
2025-07-11T16:51:49.838+05:30 DEBUG 20880 --- [           main] org.hibernate.type.BasicTypeRegistry     : Adding type registration Currency -> org.hibernate.type.BasicTypeReference@44f0ff2b
2025-07-11T16:51:49.838+05:30 DEBUG 20880 --- [           main] org.hibernate.type.BasicTypeRegistry     : Adding type registration java.util.Currency -> org.hibernate.type.BasicTypeReference@44f0ff2b
2025-07-11T16:51:49.839+05:30 DEBUG 20880 --- [           main] org.hibernate.type.BasicTypeRegistry     : Adding type registration locale -> org.hibernate.type.BasicTypeReference@22ead351
2025-07-11T16:51:49.839+05:30 DEBUG 20880 --- [           main] org.hibernate.type.BasicTypeRegistry     : Adding type registration java.util.Locale -> org.hibernate.type.BasicTypeReference@22ead351
2025-07-11T16:51:49.839+05:30 DEBUG 20880 --- [           main] org.hibernate.type.BasicTypeRegistry     : Adding type registration serializable -> org.hibernate.type.BasicTypeReference@68af87ad
2025-07-11T16:51:49.839+05:30 DEBUG 20880 --- [           main] org.hibernate.type.BasicTypeRegistry     : Adding type registration java.io.Serializable -> org.hibernate.type.BasicTypeReference@68af87ad
2025-07-11T16:51:49.839+05:30 DEBUG 20880 --- [           main] org.hibernate.type.BasicTypeRegistry     : Adding type registration timezone -> org.hibernate.type.BasicTypeReference@43d65a81
2025-07-11T16:51:49.839+05:30 DEBUG 20880 --- [           main] org.hibernate.type.BasicTypeRegistry     : Adding type registration java.util.TimeZone -> org.hibernate.type.BasicTypeReference@43d65a81
2025-07-11T16:51:49.839+05:30 DEBUG 20880 --- [           main] org.hibernate.type.BasicTypeRegistry     : Adding type registration ZoneOffset -> org.hibernate.type.BasicTypeReference@9cfc77
2025-07-11T16:51:49.839+05:30 DEBUG 20880 --- [           main] org.hibernate.type.BasicTypeRegistry     : Adding type registration java.time.ZoneOffset -> org.hibernate.type.BasicTypeReference@9cfc77
2025-07-11T16:51:49.839+05:30 DEBUG 20880 --- [           main] org.hibernate.type.BasicTypeRegistry     : Adding type registration url -> org.hibernate.type.BasicTypeReference@7418d76e
2025-07-11T16:51:49.839+05:30 DEBUG 20880 --- [           main] org.hibernate.type.BasicTypeRegistry     : Adding type registration java.net.URL -> org.hibernate.type.BasicTypeReference@7418d76e
2025-07-11T16:51:49.839+05:30 DEBUG 20880 --- [           main] org.hibernate.type.BasicTypeRegistry     : Adding type registration row_version -> org.hibernate.type.BasicTypeReference@601eb4af
2025-07-11T16:51:49.848+05:30 DEBUG 20880 --- [           main] org.hibernate.type.BasicTypeRegistry     : Adding type registration object -> org.hibernate.type.JavaObjectType@2ee39e73
2025-07-11T16:51:49.848+05:30 DEBUG 20880 --- [           main] org.hibernate.type.BasicTypeRegistry     : Adding type registration java.lang.Object -> org.hibernate.type.JavaObjectType@2ee39e73
2025-07-11T16:51:49.849+05:30 DEBUG 20880 --- [           main] org.hibernate.type.BasicTypeRegistry     : Adding type registration null -> org.hibernate.type.NullType@5f6b53ed
2025-07-11T16:51:49.849+05:30 DEBUG 20880 --- [           main] org.hibernate.type.BasicTypeRegistry     : Adding type registration imm_date -> org.hibernate.type.BasicTypeReference@20cdb152
2025-07-11T16:51:49.850+05:30 DEBUG 20880 --- [           main] org.hibernate.type.BasicTypeRegistry     : Adding type registration imm_time -> org.hibernate.type.BasicTypeReference@4cffd3fd
2025-07-11T16:51:49.850+05:30 DEBUG 20880 --- [           main] org.hibernate.type.BasicTypeRegistry     : Adding type registration imm_timestamp -> org.hibernate.type.BasicTypeReference@1142d377
2025-07-11T16:51:49.850+05:30 DEBUG 20880 --- [           main] org.hibernate.type.BasicTypeRegistry     : Adding type registration imm_calendar -> org.hibernate.type.BasicTypeReference@5c48b72c
2025-07-11T16:51:49.850+05:30 DEBUG 20880 --- [           main] org.hibernate.type.BasicTypeRegistry     : Adding type registration imm_calendar_date -> org.hibernate.type.BasicTypeReference@6e1ae763
2025-07-11T16:51:49.851+05:30 DEBUG 20880 --- [           main] org.hibernate.type.BasicTypeRegistry     : Adding type registration imm_calendar_time -> org.hibernate.type.BasicTypeReference@62d40e31
2025-07-11T16:51:49.851+05:30 DEBUG 20880 --- [           main] org.hibernate.type.BasicTypeRegistry     : Adding type registration imm_binary -> org.hibernate.type.BasicTypeReference@650aa077
2025-07-11T16:51:49.851+05:30 DEBUG 20880 --- [           main] org.hibernate.type.BasicTypeRegistry     : Adding type registration imm_serializable -> org.hibernate.type.BasicTypeReference@7ce29a2d
2025-07-11T16:51:49.874+05:30  INFO 20880 --- [           main] o.h.b.i.BytecodeProviderInitiator        : HHH000021: Bytecode provider name : bytebuddy
2025-07-11T16:51:50.053+05:30  INFO 20880 --- [           main] o.s.o.j.p.SpringPersistenceUnitInfo      : No LoadTimeWeaver setup: ignoring JPA class transformer
2025-07-11T16:51:50.075+05:30  INFO 20880 --- [           main] com.zaxxer.hikari.HikariDataSource       : HikariPool-1 - Starting...
2025-07-11T16:51:50.648+05:30  INFO 20880 --- [           main] com.zaxxer.hikari.pool.HikariPool        : HikariPool-1 - Added connection com.mysql.cj.jdbc.ConnectionImpl@144ee8a7
2025-07-11T16:51:50.651+05:30  INFO 20880 --- [           main] com.zaxxer.hikari.HikariDataSource       : HikariPool-1 - Start completed.
2025-07-11T16:51:50.748+05:30  WARN 20880 --- [           main] org.hibernate.orm.deprecation            : HHH90000026: MySQL8Dialect has been deprecated; use org.hibernate.dialect.MySQLDialect instead
2025-07-11T16:51:50.786+05:30 DEBUG 20880 --- [           main] o.h.t.d.sql.spi.DdlTypeRegistry          : addDescriptor(12, org.hibernate.type.descriptor.sql.internal.CapacityDependentDdlType@3d71e10b) replaced previous registration(org.hibernate.type.descriptor.sql.internal.CapacityDependentDdlType@71139e77)
2025-07-11T16:51:50.787+05:30 DEBUG 20880 --- [           main] o.h.t.d.sql.spi.DdlTypeRegistry          : addDescriptor(-9, org.hibernate.type.descriptor.sql.internal.CapacityDependentDdlType@4de91056) replaced previous registration(org.hibernate.type.descriptor.sql.internal.CapacityDependentDdlType@2404abe2)
2025-07-11T16:51:50.787+05:30 DEBUG 20880 --- [           main] o.h.t.d.sql.spi.DdlTypeRegistry          : addDescriptor(-3, org.hibernate.type.descriptor.sql.internal.CapacityDependentDdlType@16cf7fd0) replaced previous registration(org.hibernate.type.descriptor.sql.internal.CapacityDependentDdlType@7bc2bb58)
2025-07-11T16:51:50.787+05:30 DEBUG 20880 --- [           main] o.h.t.d.sql.spi.DdlTypeRegistry          : addDescriptor(4003, org.hibernate.type.descriptor.sql.internal.DdlTypeImpl@7e2c6fd6) replaced previous registration(org.hibernate.type.descriptor.sql.internal.DdlTypeImpl@7ff6804a)
2025-07-11T16:51:50.787+05:30 DEBUG 20880 --- [           main] o.h.t.d.sql.spi.DdlTypeRegistry          : addDescriptor(4001, org.hibernate.type.descriptor.sql.internal.DdlTypeImpl@12aa519b) replaced previous registration(org.hibernate.type.descriptor.sql.internal.DdlTypeImpl@7c5c20ed)
2025-07-11T16:51:50.787+05:30 DEBUG 20880 --- [           main] o.h.t.d.sql.spi.DdlTypeRegistry          : addDescriptor(4002, org.hibernate.type.descriptor.sql.internal.DdlTypeImpl@6113a26f) replaced previous registration(org.hibernate.type.descriptor.sql.internal.DdlTypeImpl@2aac8ad7)
2025-07-11T16:51:50.787+05:30 DEBUG 20880 --- [           main] o.h.t.d.sql.spi.DdlTypeRegistry          : addDescriptor(2004, org.hibernate.type.descriptor.sql.internal.CapacityDependentDdlType@6a4a2090) replaced previous registration(org.hibernate.type.descriptor.sql.internal.DdlTypeImpl@778c2e7c)
2025-07-11T16:51:50.787+05:30 DEBUG 20880 --- [           main] o.h.t.d.sql.spi.DdlTypeRegistry          : addDescriptor(2005, org.hibernate.type.descriptor.sql.internal.CapacityDependentDdlType@b70fa38) replaced previous registration(org.hibernate.type.descriptor.sql.internal.DdlTypeImpl@45c423b3)
2025-07-11T16:51:50.787+05:30 DEBUG 20880 --- [           main] o.h.t.d.sql.spi.DdlTypeRegistry          : addDescriptor(2011, org.hibernate.type.descriptor.sql.internal.CapacityDependentDdlType@7e31d53b) replaced previous registration(org.hibernate.type.descriptor.sql.internal.DdlTypeImpl@68d8eb4f)
2025-07-11T16:51:50.789+05:30 DEBUG 20880 --- [           main] o.h.t.d.jdbc.spi.JdbcTypeRegistry        : addDescriptor(NCharTypeDescriptor) replaced previous registration(CharTypeDescriptor)
2025-07-11T16:51:50.790+05:30 DEBUG 20880 --- [           main] o.h.t.d.jdbc.spi.JdbcTypeRegistry        : addDescriptor(NVarcharTypeDescriptor) replaced previous registration(VarcharTypeDescriptor)
2025-07-11T16:51:50.790+05:30 DEBUG 20880 --- [           main] o.h.t.d.jdbc.spi.JdbcTypeRegistry        : addDescriptor(LongNVarcharTypeDescriptor) replaced previous registration(LongVarcharTypeDescriptor)
2025-07-11T16:51:50.792+05:30 DEBUG 20880 --- [           main] o.h.t.d.jdbc.spi.JdbcTypeRegistry        : addDescriptor(NClobTypeDescriptor(DEFAULT)) replaced previous registration(ClobTypeDescriptor(DEFAULT))
2025-07-11T16:51:50.793+05:30 DEBUG 20880 --- [           main] o.h.t.d.jdbc.spi.JdbcTypeRegistry        : addDescriptor(2005, ClobTypeDescriptor(STREAM_BINDING)) replaced previous registration(ClobTypeDescriptor(DEFAULT))
2025-07-11T16:51:50.796+05:30 DEBUG 20880 --- [           main] org.hibernate.type.BasicTypeRegistry     : Adding type registration null -> org.hibernate.type.NullType@6c24f61d
2025-07-11T16:51:50.796+05:30 DEBUG 20880 --- [           main] org.hibernate.type.BasicTypeRegistry     : Type registration key [null] overrode previous entry : `org.hibernate.type.NullType@5f6b53ed`
2025-07-11T16:51:50.804+05:30 DEBUG 20880 --- [           main] org.hibernate.type.BasicTypeRegistry     : Adding type registration org.hibernate.type.OffsetDateTimeType -> basicType@1(java.time.OffsetDateTime,3003)
2025-07-11T16:51:50.804+05:30 DEBUG 20880 --- [           main] org.hibernate.type.BasicTypeRegistry     : Adding type registration OffsetDateTime -> basicType@1(java.time.OffsetDateTime,3003)
2025-07-11T16:51:50.804+05:30 DEBUG 20880 --- [           main] org.hibernate.type.BasicTypeRegistry     : Adding type registration java.time.OffsetDateTime -> basicType@1(java.time.OffsetDateTime,3003)
2025-07-11T16:51:50.804+05:30 DEBUG 20880 --- [           main] org.hibernate.type.BasicTypeRegistry     : Adding type registration org.hibernate.type.ZonedDateTimeType -> basicType@2(java.time.ZonedDateTime,3003)
2025-07-11T16:51:50.805+05:30 DEBUG 20880 --- [           main] org.hibernate.type.BasicTypeRegistry     : Adding type registration ZonedDateTime -> basicType@2(java.time.ZonedDateTime,3003)
2025-07-11T16:51:50.805+05:30 DEBUG 20880 --- [           main] org.hibernate.type.BasicTypeRegistry     : Adding type registration java.time.ZonedDateTime -> basicType@2(java.time.ZonedDateTime,3003)
2025-07-11T16:51:50.806+05:30 DEBUG 20880 --- [           main] org.hibernate.type.BasicTypeRegistry     : Adding type registration org.hibernate.type.OffsetTimeType -> basicType@3(java.time.OffsetTime,3007)
2025-07-11T16:51:50.806+05:30 DEBUG 20880 --- [           main] org.hibernate.type.BasicTypeRegistry     : Adding type registration OffsetTime -> basicType@3(java.time.OffsetTime,3007)
2025-07-11T16:51:50.806+05:30 DEBUG 20880 --- [           main] org.hibernate.type.BasicTypeRegistry     : Adding type registration java.time.OffsetTime -> basicType@3(java.time.OffsetTime,3007)
2025-07-11T16:51:50.808+05:30 DEBUG 20880 --- [           main] o.h.type.spi.TypeConfiguration$Scope     : Scoping TypeConfiguration [org.hibernate.type.spi.TypeConfiguration@305e95a4] to MetadataBuildingContext [org.hibernate.boot.internal.MetadataBuildingContextRootImpl@55e42684]
2025-07-11T16:51:51.046+05:30  INFO 20880 --- [           main] o.h.b.i.BytecodeProviderInitiator        : HHH000021: Bytecode provider name : bytebuddy
2025-07-11T16:51:51.672+05:30  INFO 20880 --- [           main] o.h.e.t.j.p.i.JtaPlatformInitiator       : HHH000490: Using JtaPlatform implementation: [org.hibernate.engine.transaction.jta.platform.internal.NoJtaPlatform]
2025-07-11T16:51:51.672+05:30 DEBUG 20880 --- [           main] o.h.type.spi.TypeConfiguration$Scope     : Scoping TypeConfiguration [org.hibernate.type.spi.TypeConfiguration@305e95a4] to SessionFactoryImplementor [org.hibernate.internal.SessionFactoryImpl@5552d10]
2025-07-11T16:51:51.776+05:30 DEBUG 20880 --- [           main] org.hibernate.SQL                        : 
    alter table item 
       modify column buy_price  float(53)
Hibernate: 
    alter table item 
       modify column buy_price  float(53)
2025-07-11T16:51:51.853+05:30 DEBUG 20880 --- [           main] org.hibernate.SQL                        : 
    alter table item 
       modify column sell_price  float(53)
Hibernate: 
    alter table item 
       modify column sell_price  float(53)
2025-07-11T16:51:51.922+05:30 TRACE 20880 --- [           main] o.h.type.spi.TypeConfiguration$Scope     : Handling #sessionFactoryCreated from [org.hibernate.internal.SessionFactoryImpl@5552d10] for TypeConfiguration
2025-07-11T16:51:51.922+05:30  INFO 20880 --- [           main] j.LocalContainerEntityManagerFactoryBean : Initialized JPA EntityManagerFactory for persistence unit 'default'
2025-07-11T16:51:52.337+05:30  INFO 20880 --- [           main] o.s.d.j.r.query.QueryEnhancerFactory     : Hibernate is in classpath; If applicable, HQL parser will be used.
2025-07-11T16:51:52.747+05:30  WARN 20880 --- [           main] JpaBaseConfiguration$JpaWebConfiguration : spring.jpa.open-in-view is enabled by default. Therefore, database queries may be performed during view rendering. Explicitly configure spring.jpa.open-in-view to disable this warning
2025-07-11T16:51:53.061+05:30  INFO 20880 --- [           main] o.s.s.web.DefaultSecurityFilterChain     : Will secure any request with [org.springframework.security.web.session.DisableEncodeUrlFilter@5ea50a98, org.springframework.security.web.context.request.async.WebAsyncManagerIntegrationFilter@2812368, org.springframework.security.web.context.SecurityContextHolderFilter@537fb7bf, org.springframework.security.web.header.HeaderWriterFilter@35d44cd3, org.springframework.security.web.authentication.logout.LogoutFilter@4945cd1f, org.springframework.security.web.authentication.UsernamePasswordAuthenticationFilter@21a1554, org.springframework.security.web.savedrequest.RequestCacheAwareFilter@40d0bff1, org.springframework.security.web.servletapi.SecurityContextHolderAwareRequestFilter@296a350, org.springframework.security.web.authentication.AnonymousAuthenticationFilter@50e336d9, org.springframework.security.web.access.ExceptionTranslationFilter@14e8304b, org.springframework.security.web.access.intercept.AuthorizationFilter@25af2afe]
2025-07-11T16:51:53.338+05:30  WARN 20880 --- [           main] ion$DefaultTemplateResolverConfiguration : Cannot find template location: classpath:/templates/ (please add some templates, check your Thymeleaf configuration, or set spring.thymeleaf.check-template-location=false)
2025-07-11T16:51:53.436+05:30  INFO 20880 --- [           main] nventoryManagementSystemApplicationTests : Started InventoryManagementSystemApplicationTests in 5.415 seconds (process running for 6.49)
]]></system-out>
  </testcase>
</testsuite>